<?xml version="1.0" encoding="UTF-8"?>
<!-- Generated by org.testng.reporters.JUnitXMLReporter -->
<testsuite hostname="DESKTOP-GRVTC7V" ignored="0" name="Test" tests="2" failures="1" timestamp="28 十二月 2017 07:15:48 GMT" time="20.939" errors="0">
  <testcase name="initDriver" time="20.834" classname="com.Techshine.login1"/>
  <testcase name="Login" time="0.0" classname="com.Techshine.login1">
    <failure type="org.testng.TestNGException" message="
Cannot inject @Test annotated Method [Login] with [class java.lang.String, class java.lang.String].
For more information on native dependency injection please refer to http://testng.org/doc/documentation-main.html#native-dependency-injection">
      <![CDATA[org.testng.TestNGException: Cannot inject @Test annotated Method [Login] with [class java.lang.String, class java.lang.String].For more information on native dependency injection please refer to http://testng.org/doc/documentation-main.html#native-dependency-injection... Removed 24 stack frames]]>
    </failure>
  </testcase> <!-- Login -->
</testsuite> <!-- Test -->
