<?xml version="1.0" encoding="UTF-8"?>
<testng-results skipped="0" failed="0" ignored="0" total="2" passed="2">
  <reporter-output>
  </reporter-output>
  <suite name="Default suite" duration-ms="9629" started-at="2018-01-02T08:36:19Z" finished-at="2018-01-02T08:36:29Z">
    <groups>
    </groups>
    <test name="Default test" duration-ms="9629" started-at="2018-01-02T08:36:19Z" finished-at="2018-01-02T08:36:29Z">
      <class name="com.Techshine.testCase.login">
        <test-method status="PASS" signature="getLoginHome()[pri:0, instance:com.Techshine.testCase.login@6e9a5ed8]" name="getLoginHome" duration-ms="8866" started-at="2018-01-02T16:36:19Z" finished-at="2018-01-02T16:36:28Z">
          <reporter-output>
          </reporter-output>
        </test-method> <!-- getLoginHome -->
        <test-method status="PASS" signature="testLogin()[pri:0, instance:com.Techshine.testCase.login@6e9a5ed8]" name="testLogin" duration-ms="685" started-at="2018-01-02T16:36:28Z" depends-on-methods="com.Techshine.testCase.login.getLoginHome" finished-at="2018-01-02T16:36:29Z">
          <reporter-output>
          </reporter-output>
        </test-method> <!-- testLogin -->
      </class> <!-- com.Techshine.testCase.login -->
    </test> <!-- Default test -->
  </suite> <!-- Default suite -->
</testng-results>
